[INFO] Scanning for projects...
[INFO] 
[INFO] ------------------< com.avinash:notification-service >------------------
[INFO] Building notification-service 0.0.1-SNAPSHOT
[INFO]   from pom.xml
[INFO] --------------------------------[ jar ]---------------------------------
[INFO] 
[INFO] >>> spring-boot:3.2.4:run (default-cli) > test-compile @ notification-service >>>
[INFO] 
[INFO] --- resources:3.3.1:resources (default-resources) @ notification-service ---
[INFO] Copying 1 resource from src/main/resources to target/classes
[INFO] Copying 0 resource from src/main/resources to target/classes
[INFO] 
[INFO] --- compiler:3.11.0:compile (default-compile) @ notification-service ---
[INFO] Nothing to compile - all classes are up to date
[INFO] 
[INFO] --- resources:3.3.1:testResources (default-testResources) @ notification-service ---
[INFO] skip non existing resourceDirectory /Users/avinashperera/distributedms/notification-service/src/test/resources
[INFO] 
[INFO] --- compiler:3.11.0:testCompile (default-testCompile) @ notification-service ---
[INFO] No sources to compile
[INFO] 
[INFO] <<< spring-boot:3.2.4:run (default-cli) < test-compile @ notification-service <<<
[INFO] 
[INFO] 
[INFO] --- spring-boot:3.2.4:run (default-cli) @ notification-service ---
[INFO] Attaching agents: []

  .   ____          _            __ _ _
 /\\ / ___'_ __ _ _(_)_ __  __ _ \ \ \ \
( ( )\___ | '_ | '_| | '_ \/ _` | \ \ \ \
 \\/  ___)| |_)| | | | | || (_| |  ) ) ) )
  '  |____| .__|_| |_|_| |_\__, | / / / /
 =========|_|==============|___/=/_/_/_/
 :: Spring Boot ::                (v3.2.4)

2026-07-12T21:36:11.317+05:30  INFO 44586 --- [notification-service] [           main] [                                                 ] c.a.n.NotificationServiceApplication     : Starting NotificationServiceApplication using Java 26.0.1 with PID 44586 (/Users/avinashperera/distributedms/notification-service/target/classes started by avinashperera in /Users/avinashperera/distributedms/notification-service)
2026-07-12T21:36:11.320+05:30  INFO 44586 --- [notification-service] [           main] [                                                 ] c.a.n.NotificationServiceApplication     : No active profile set, falling back to 1 default profile: "default"
WARNING: A restricted method in java.lang.System has been called
WARNING: java.lang.System::load has been called by org.apache.tomcat.jni.Library in an unnamed module (file:/Users/avinashperera/.m2/repository/org/apache/tomcat/embed/tomcat-embed-core/10.1.19/tomcat-embed-core-10.1.19.jar)
WARNING: Use --enable-native-access=ALL-UNNAMED to avoid a warning for callers in this module
WARNING: Restricted methods will be blocked in a future release unless native access is enabled

2026-07-12T21:36:12.399+05:30  INFO 44586 --- [notification-service] [           main] [                                                 ] o.s.b.w.embedded.tomcat.TomcatWebServer  : Tomcat initialized with port 8085 (http)
2026-07-12T21:36:12.407+05:30  INFO 44586 --- [notification-service] [           main] [                                                 ] o.apache.catalina.core.StandardService   : Starting service [Tomcat]
2026-07-12T21:36:12.407+05:30  INFO 44586 --- [notification-service] [           main] [                                                 ] o.apache.catalina.core.StandardEngine    : Starting Servlet engine: [Apache Tomcat/10.1.19]
2026-07-12T21:36:12.448+05:30  INFO 44586 --- [notification-service] [           main] [                                                 ] o.a.c.c.C.[Tomcat].[localhost].[/]       : Initializing Spring embedded WebApplicationContext
2026-07-12T21:36:12.449+05:30  INFO 44586 --- [notification-service] [           main] [                                                 ] w.s.c.ServletWebServerApplicationContext : Root WebApplicationContext: initialization completed in 1055 ms
2026-07-12T21:36:13.061+05:30  INFO 44586 --- [notification-service] [           main] [                                                 ] o.s.b.a.e.web.EndpointLinksResolver      : Exposing 3 endpoint(s) beneath base path '/actuator'
2026-07-12T21:36:13.140+05:30  INFO 44586 --- [notification-service] [           main] [                                                 ] o.s.b.w.embedded.tomcat.TomcatWebServer  : Tomcat started on port 8085 (http) with context path ''
2026-07-12T21:36:13.170+05:30  INFO 44586 --- [notification-service] [           main] [                                                 ] o.a.k.clients.consumer.ConsumerConfig    : ConsumerConfig values: 
	allow.auto.create.topics = true
	auto.commit.interval.ms = 5000
	auto.include.jmx.reporter = true
	auto.offset.reset = earliest
	bootstrap.servers = [localhost:9092]
	check.crcs = true
	client.dns.lookup = use_all_dns_ips
	client.id = consumer-notification-group-1
	client.rack = 
	connections.max.idle.ms = 540000
	default.api.timeout.ms = 60000
	enable.auto.commit = false
	exclude.internal.topics = true
	fetch.max.bytes = 52428800
	fetch.max.wait.ms = 500
	fetch.min.bytes = 1
	group.id = notification-group
	group.instance.id = null
	heartbeat.interval.ms = 3000
	interceptor.classes = []
	internal.leave.group.on.close = true
	internal.throw.on.fetch.stable.offset.unsupported = false
	isolation.level = read_uncommitted
	key.deserializer = class org.apache.kafka.common.serialization.StringDeserializer
	max.partition.fetch.bytes = 1048576
	max.poll.interval.ms = 300000
	max.poll.records = 500
	metadata.max.age.ms = 300000
	metric.reporters = []
	metrics.num.samples = 2
	metrics.recording.level = INFO
	metrics.sample.window.ms = 30000
	partition.assignment.strategy = [class org.apache.kafka.clients.consumer.RangeAssignor, class org.apache.kafka.clients.consumer.CooperativeStickyAssignor]
	receive.buffer.bytes = 65536
	reconnect.backoff.max.ms = 1000
	reconnect.backoff.ms = 50
	request.timeout.ms = 30000
	retry.backoff.ms = 100
	sasl.client.callback.handler.class = null
	sasl.jaas.config = null
	sasl.kerberos.kinit.cmd = /usr/bin/kinit
	sasl.kerberos.min.time.before.relogin = 60000
	sasl.kerberos.service.name = null
	sasl.kerberos.ticket.renew.jitter = 0.05
	sasl.kerberos.ticket.renew.window.factor = 0.8
	sasl.login.callback.handler.class = null
	sasl.login.class = null
	sasl.login.connect.timeout.ms = null
	sasl.login.read.timeout.ms = null
	sasl.login.refresh.buffer.seconds = 300
	sasl.login.refresh.min.period.seconds = 60
	sasl.login.refresh.window.factor = 0.8
	sasl.login.refresh.window.jitter = 0.05
	sasl.login.retry.backoff.max.ms = 10000
	sasl.login.retry.backoff.ms = 100
	sasl.mechanism = GSSAPI
	sasl.oauthbearer.clock.skew.seconds = 30
	sasl.oauthbearer.expected.audience = null
	sasl.oauthbearer.expected.issuer = null
	sasl.oauthbearer.jwks.endpoint.refresh.ms = 3600000
	sasl.oauthbearer.jwks.endpoint.retry.backoff.max.ms = 10000
	sasl.oauthbearer.jwks.endpoint.retry.backoff.ms = 100
	sasl.oauthbearer.jwks.endpoint.url = null
	sasl.oauthbearer.scope.claim.name = scope
	sasl.oauthbearer.sub.claim.name = sub
	sasl.oauthbearer.token.endpoint.url = null
	security.protocol = PLAINTEXT
	security.providers = null
	send.buffer.bytes = 131072
	session.timeout.ms = 45000
	socket.connection.setup.timeout.max.ms = 30000
	socket.connection.setup.timeout.ms = 10000
	ssl.cipher.suites = null
	ssl.enabled.protocols = [TLSv1.2, TLSv1.3]
	ssl.endpoint.identification.algorithm = https
	ssl.engine.factory.class = null
	ssl.key.password = null
	ssl.keymanager.algorithm = SunX509
	ssl.keystore.certificate.chain = null
	ssl.keystore.key = null
	ssl.keystore.location = null
	ssl.keystore.password = null
	ssl.keystore.type = JKS
	ssl.protocol = TLSv1.3
	ssl.provider = null
	ssl.secure.random.implementation = null
	ssl.trustmanager.algorithm = PKIX
	ssl.truststore.certificates = null
	ssl.truststore.location = null
	ssl.truststore.password = null
	ssl.truststore.type = JKS
	value.deserializer = class org.springframework.kafka.support.serializer.JsonDeserializer

2026-07-12T21:36:13.271+05:30  INFO 44586 --- [notification-service] [           main] [                                                 ] o.a.kafka.common.utils.AppInfoParser     : Kafka version: 3.6.1
2026-07-12T21:36:13.272+05:30  INFO 44586 --- [notification-service] [           main] [                                                 ] o.a.kafka.common.utils.AppInfoParser     : Kafka commitId: 5e3c2b738d253ff5
2026-07-12T21:36:13.272+05:30  INFO 44586 --- [notification-service] [           main] [                                                 ] o.a.kafka.common.utils.AppInfoParser     : Kafka startTimeMs: 1783872373270
2026-07-12T21:36:13.284+05:30  INFO 44586 --- [notification-service] [           main] [                                                 ] fkaConsumerFactory$ExtendedKafkaConsumer : [Consumer clientId=consumer-notification-group-1, groupId=notification-group] Subscribed to topic(s): order-shipped, payment-failed, inventory-failed, fulfillment-failed
2026-07-12T21:36:13.301+05:30  INFO 44586 --- [notification-service] [           main] [                                                 ] c.a.n.NotificationServiceApplication     : Started NotificationServiceApplication in 2.556 seconds (process running for 2.895)
2026-07-12T21:36:13.471+05:30  INFO 44586 --- [notification-service] [ntainer#0-0-C-1] [                                                 ] org.apache.kafka.clients.Metadata        : [Consumer clientId=consumer-notification-group-1, groupId=notification-group] Cluster ID: MkU3OEVBNTcwNTJENDM2Qg
2026-07-12T21:36:13.471+05:30  INFO 44586 --- [notification-service] [ntainer#0-0-C-1] [                                                 ] o.a.k.c.c.internals.ConsumerCoordinator  : [Consumer clientId=consumer-notification-group-1, groupId=notification-group] Discovered group coordinator localhost:9092 (id: 2147483646 rack: null)
2026-07-12T21:36:13.472+05:30  INFO 44586 --- [notification-service] [ntainer#0-0-C-1] [                                                 ] o.a.k.c.c.internals.ConsumerCoordinator  : [Consumer clientId=consumer-notification-group-1, groupId=notification-group] (Re-)joining group
2026-07-12T21:36:13.487+05:30  INFO 44586 --- [notification-service] [ntainer#0-0-C-1] [                                                 ] o.a.k.c.c.internals.ConsumerCoordinator  : [Consumer clientId=consumer-notification-group-1, groupId=notification-group] Request joining group due to: need to re-join with the given member-id: consumer-notification-group-1-2323f8b4-7422-48a5-90a7-95f402615ebe
2026-07-12T21:36:13.487+05:30  INFO 44586 --- [notification-service] [ntainer#0-0-C-1] [                                                 ] o.a.k.c.c.internals.ConsumerCoordinator  : [Consumer clientId=consumer-notification-group-1, groupId=notification-group] Request joining group due to: rebalance failed due to 'The group member needs to have a valid member id before actually entering a consumer group.' (MemberIdRequiredException)
2026-07-12T21:36:13.487+05:30  INFO 44586 --- [notification-service] [ntainer#0-0-C-1] [                                                 ] o.a.k.c.c.internals.ConsumerCoordinator  : [Consumer clientId=consumer-notification-group-1, groupId=notification-group] (Re-)joining group
2026-07-12T21:36:13.499+05:30  INFO 44586 --- [notification-service] [ntainer#0-0-C-1] [                                                 ] o.a.k.c.c.internals.ConsumerCoordinator  : [Consumer clientId=consumer-notification-group-1, groupId=notification-group] Successfully joined group with generation Generation{generationId=5, memberId='consumer-notification-group-1-2323f8b4-7422-48a5-90a7-95f402615ebe', protocol='range'}
2026-07-12T21:36:13.503+05:30  INFO 44586 --- [notification-service] [ntainer#0-0-C-1] [                                                 ] o.a.k.c.c.internals.ConsumerCoordinator  : [Consumer clientId=consumer-notification-group-1, groupId=notification-group] Finished assignment for group at generation 5: {consumer-notification-group-1-2323f8b4-7422-48a5-90a7-95f402615ebe=Assignment(partitions=[inventory-failed-0, payment-failed-0, fulfillment-failed-0, order-shipped-0])}
2026-07-12T21:36:13.512+05:30  INFO 44586 --- [notification-service] [ntainer#0-0-C-1] [                                                 ] o.a.k.c.c.internals.ConsumerCoordinator  : [Consumer clientId=consumer-notification-group-1, groupId=notification-group] Successfully synced group in generation Generation{generationId=5, memberId='consumer-notification-group-1-2323f8b4-7422-48a5-90a7-95f402615ebe', protocol='range'}
2026-07-12T21:36:13.514+05:30  INFO 44586 --- [notification-service] [ntainer#0-0-C-1] [                                                 ] o.a.k.c.c.internals.ConsumerCoordinator  : [Consumer clientId=consumer-notification-group-1, groupId=notification-group] Notifying assignor about the new Assignment(partitions=[inventory-failed-0, payment-failed-0, fulfillment-failed-0, order-shipped-0])
2026-07-12T21:36:13.515+05:30  INFO 44586 --- [notification-service] [ntainer#0-0-C-1] [                                                 ] o.a.k.c.c.internals.ConsumerCoordinator  : [Consumer clientId=consumer-notification-group-1, groupId=notification-group] Adding newly assigned partitions: fulfillment-failed-0, inventory-failed-0, order-shipped-0, payment-failed-0
2026-07-12T21:36:13.525+05:30  INFO 44586 --- [notification-service] [ntainer#0-0-C-1] [                                                 ] o.a.k.c.c.internals.ConsumerCoordinator  : [Consumer clientId=consumer-notification-group-1, groupId=notification-group] Found no committed offset for partition inventory-failed-0
2026-07-12T21:36:13.528+05:30  INFO 44586 --- [notification-service] [ntainer#0-0-C-1] [                                                 ] o.a.k.c.c.internals.ConsumerCoordinator  : [Consumer clientId=consumer-notification-group-1, groupId=notification-group] Setting offset for partition payment-failed-0 to the committed offset FetchPosition{offset=1, offsetEpoch=Optional.empty, currentLeader=LeaderAndEpoch{leader=Optional[localhost:9092 (id: 1 rack: null)], epoch=2}}
2026-07-12T21:36:13.528+05:30  INFO 44586 --- [notification-service] [ntainer#0-0-C-1] [                                                 ] o.a.k.c.c.internals.ConsumerCoordinator  : [Consumer clientId=consumer-notification-group-1, groupId=notification-group] Setting offset for partition fulfillment-failed-0 to the committed offset FetchPosition{offset=1, offsetEpoch=Optional.empty, currentLeader=LeaderAndEpoch{leader=Optional[localhost:9092 (id: 1 rack: null)], epoch=2}}
2026-07-12T21:36:13.529+05:30  INFO 44586 --- [notification-service] [ntainer#0-0-C-1] [                                                 ] o.a.k.c.c.internals.ConsumerCoordinator  : [Consumer clientId=consumer-notification-group-1, groupId=notification-group] Setting offset for partition order-shipped-0 to the committed offset FetchPosition{offset=1, offsetEpoch=Optional.empty, currentLeader=LeaderAndEpoch{leader=Optional[localhost:9092 (id: 1 rack: null)], epoch=2}}
2026-07-12T21:36:13.542+05:30  INFO 44586 --- [notification-service] [ntainer#0-0-C-1] [                                                 ] o.a.k.c.c.internals.SubscriptionState    : [Consumer clientId=consumer-notification-group-1, groupId=notification-group] Resetting offset for partition inventory-failed-0 to position FetchPosition{offset=0, offsetEpoch=Optional.empty, currentLeader=LeaderAndEpoch{leader=Optional[localhost:9092 (id: 1 rack: null)], epoch=2}}.
2026-07-12T21:36:13.543+05:30  INFO 44586 --- [notification-service] [ntainer#0-0-C-1] [                                                 ] o.s.k.l.KafkaMessageListenerContainer    : notification-group: partitions assigned: [fulfillment-failed-0, inventory-failed-0, order-shipped-0, payment-failed-0]
2026-07-12T21:36:16.305+05:30  INFO 44586 --- [notification-service] [nio-8085-exec-1] [                                                 ] o.a.c.c.C.[Tomcat].[localhost].[/]       : Initializing Spring DispatcherServlet 'dispatcherServlet'
2026-07-12T21:36:16.306+05:30  INFO 44586 --- [notification-service] [nio-8085-exec-1] [                                                 ] o.s.web.servlet.DispatcherServlet        : Initializing Servlet 'dispatcherServlet'
2026-07-12T21:36:16.307+05:30  INFO 44586 --- [notification-service] [nio-8085-exec-1] [                                                 ] o.s.web.servlet.DispatcherServlet        : Completed initialization in 1 ms
2026-07-12T21:38:39.823+05:30  INFO 44586 --- [notification-service] [ntainer#0-0-C-1] [                                                 ] o.a.k.c.c.internals.ConsumerCoordinator  : [Consumer clientId=consumer-notification-group-1, groupId=notification-group] Revoke previously assigned partitions fulfillment-failed-0, inventory-failed-0, order-shipped-0, payment-failed-0
2026-07-12T21:38:39.824+05:30  INFO 44586 --- [notification-service] [ntainer#0-0-C-1] [                                                 ] o.s.k.l.KafkaMessageListenerContainer    : notification-group: partitions revoked: [fulfillment-failed-0, inventory-failed-0, order-shipped-0, payment-failed-0]
2026-07-12T21:38:39.824+05:30  INFO 44586 --- [notification-service] [ntainer#0-0-C-1] [                                                 ] o.a.k.c.c.internals.ConsumerCoordinator  : [Consumer clientId=consumer-notification-group-1, groupId=notification-group] Member consumer-notification-group-1-2323f8b4-7422-48a5-90a7-95f402615ebe sending LeaveGroup request to coordinator localhost:9092 (id: 2147483646 rack: null) due to the consumer unsubscribed from all topics
2026-07-12T21:38:39.825+05:30  INFO 44586 --- [notification-service] [ntainer#0-0-C-1] [                                                 ] o.a.k.c.c.internals.ConsumerCoordinator  : [Consumer clientId=consumer-notification-group-1, groupId=notification-group] Resetting generation and member id due to: consumer pro-actively leaving the group
2026-07-12T21:38:39.825+05:30  INFO 44586 --- [notification-service] [ntainer#0-0-C-1] [                                                 ] o.a.k.c.c.internals.ConsumerCoordinator  : [Consumer clientId=consumer-notification-group-1, groupId=notification-group] Request joining group due to: consumer pro-actively leaving the group
2026-07-12T21:38:39.825+05:30  INFO 44586 --- [notification-service] [ntainer#0-0-C-1] [                                                 ] fkaConsumerFactory$ExtendedKafkaConsumer : [Consumer clientId=consumer-notification-group-1, groupId=notification-group] Unsubscribed all topics or patterns and assigned partitions
2026-07-12T21:38:39.828+05:30  INFO 44586 --- [notification-service] [ntainer#0-0-C-1] [                                                 ] o.a.k.c.c.internals.ConsumerCoordinator  : [Consumer clientId=consumer-notification-group-1, groupId=notification-group] Resetting generation and member id due to: consumer pro-actively leaving the group
2026-07-12T21:38:39.828+05:30  INFO 44586 --- [notification-service] [ntainer#0-0-C-1] [                                                 ] o.a.k.c.c.internals.ConsumerCoordinator  : [Consumer clientId=consumer-notification-group-1, groupId=notification-group] Request joining group due to: consumer pro-actively leaving the group
2026-07-12T21:38:40.187+05:30  INFO 44586 --- [notification-service] [ntainer#0-0-C-1] [                                                 ] o.apache.kafka.common.metrics.Metrics    : Metrics scheduler closed
2026-07-12T21:38:40.188+05:30  INFO 44586 --- [notification-service] [ntainer#0-0-C-1] [                                                 ] o.apache.kafka.common.metrics.Metrics    : Closing reporter org.apache.kafka.common.metrics.JmxReporter
2026-07-12T21:38:40.188+05:30  INFO 44586 --- [notification-service] [ntainer#0-0-C-1] [                                                 ] o.apache.kafka.common.metrics.Metrics    : Metrics reporters closed
2026-07-12T21:38:40.199+05:30  INFO 44586 --- [notification-service] [ntainer#0-0-C-1] [                                                 ] o.a.kafka.common.utils.AppInfoParser     : App info kafka.consumer for consumer-notification-group-1 unregistered
2026-07-12T21:38:40.202+05:30  INFO 44586 --- [notification-service] [ntainer#0-0-C-1] [                                                 ] o.s.k.l.KafkaMessageListenerContainer    : notification-group: Consumer stopped
