[INFO] Scanning for projects...
[INFO] 
[INFO] ---------------------< com.avinash:order-service >----------------------
[INFO] Building order-service 0.0.1-SNAPSHOT
[INFO]   from pom.xml
[INFO] --------------------------------[ jar ]---------------------------------
[INFO] 
[INFO] >>> spring-boot:3.2.4:run (default-cli) > test-compile @ order-service >>>
[INFO] 
[INFO] --- resources:3.3.1:resources (default-resources) @ order-service ---
[INFO] Copying 1 resource from src/main/resources to target/classes
[INFO] Copying 0 resource from src/main/resources to target/classes
[INFO] 
[INFO] --- compiler:3.11.0:compile (default-compile) @ order-service ---
[INFO] Nothing to compile - all classes are up to date
[INFO] 
[INFO] --- resources:3.3.1:testResources (default-testResources) @ order-service ---
[INFO] skip non existing resourceDirectory /Users/avinashperera/distributedms/order-service/src/test/resources
[INFO] 
[INFO] --- compiler:3.11.0:testCompile (default-testCompile) @ order-service ---
[INFO] No sources to compile
[INFO] 
[INFO] <<< spring-boot:3.2.4:run (default-cli) < test-compile @ order-service <<<
[INFO] 
[INFO] 
[INFO] --- spring-boot:3.2.4:run (default-cli) @ order-service ---
[INFO] Attaching agents: []

  .   ____          _            __ _ _
 /\\ / ___'_ __ _ _(_)_ __  __ _ \ \ \ \
( ( )\___ | '_ | '_| | '_ \/ _` | \ \ \ \
 \\/  ___)| |_)| | | | | || (_| |  ) ) ) )
  '  |____| .__|_| |_|_| |_\__, | / / / /
 =========|_|==============|___/=/_/_/_/
 :: Spring Boot ::                (v3.2.4)

2026-07-12T21:36:09.976+05:30  INFO 44583 --- [order-service] [           main] [                                                 ] c.avinash.order.OrderServiceApplication  : Starting OrderServiceApplication using Java 26.0.1 with PID 44583 (/Users/avinashperera/distributedms/order-service/target/classes started by avinashperera in /Users/avinashperera/distributedms/order-service)
2026-07-12T21:36:09.978+05:30  INFO 44583 --- [order-service] [           main] [                                                 ] c.avinash.order.OrderServiceApplication  : No active profile set, falling back to 1 default profile: "default"
2026-07-12T21:36:11.030+05:30  INFO 44583 --- [order-service] [           main] [                                                 ] .s.d.r.c.RepositoryConfigurationDelegate : Bootstrapping Spring Data JPA repositories in DEFAULT mode.
2026-07-12T21:36:11.071+05:30  INFO 44583 --- [order-service] [           main] [                                                 ] .s.d.r.c.RepositoryConfigurationDelegate : Finished Spring Data repository scanning in 36 ms. Found 3 JPA repository interfaces.
WARNING: A restricted method in java.lang.System has been called
WARNING: java.lang.System::load has been called by org.apache.tomcat.jni.Library in an unnamed module (file:/Users/avinashperera/.m2/repository/org/apache/tomcat/embed/tomcat-embed-core/10.1.19/tomcat-embed-core-10.1.19.jar)
WARNING: Use --enable-native-access=ALL-UNNAMED to avoid a warning for callers in this module
WARNING: Restricted methods will be blocked in a future release unless native access is enabled

2026-07-12T21:36:11.776+05:30  INFO 44583 --- [order-service] [           main] [                                                 ] o.s.b.w.embedded.tomcat.TomcatWebServer  : Tomcat initialized with port 8081 (http)
2026-07-12T21:36:11.782+05:30  INFO 44583 --- [order-service] [           main] [                                                 ] o.apache.catalina.core.StandardService   : Starting service [Tomcat]
2026-07-12T21:36:11.783+05:30  INFO 44583 --- [order-service] [           main] [                                                 ] o.apache.catalina.core.StandardEngine    : Starting Servlet engine: [Apache Tomcat/10.1.19]
2026-07-12T21:36:11.820+05:30  INFO 44583 --- [order-service] [           main] [                                                 ] o.a.c.c.C.[Tomcat].[localhost].[/]       : Initializing Spring embedded WebApplicationContext
2026-07-12T21:36:11.821+05:30  INFO 44583 --- [order-service] [           main] [                                                 ] w.s.c.ServletWebServerApplicationContext : Root WebApplicationContext: initialization completed in 1703 ms
2026-07-12T21:36:12.158+05:30  INFO 44583 --- [order-service] [           main] [                                                 ] o.hibernate.jpa.internal.util.LogHelper  : HHH000204: Processing PersistenceUnitInfo [name: default]
2026-07-12T21:36:12.196+05:30  INFO 44583 --- [order-service] [           main] [                                                 ] org.hibernate.Version                    : HHH000412: Hibernate ORM core version 6.4.4.Final
2026-07-12T21:36:12.214+05:30  INFO 44583 --- [order-service] [           main] [                                                 ] o.h.c.internal.RegionFactoryInitiator    : HHH000026: Second-level cache disabled
2026-07-12T21:36:12.432+05:30  INFO 44583 --- [order-service] [           main] [                                                 ] o.s.o.j.p.SpringPersistenceUnitInfo      : No LoadTimeWeaver setup: ignoring JPA class transformer
2026-07-12T21:36:12.449+05:30  INFO 44583 --- [order-service] [           main] [                                                 ] com.zaxxer.hikari.HikariDataSource       : HikariPool-1 - Starting...
2026-07-12T21:36:12.575+05:30  INFO 44583 --- [order-service] [           main] [                                                 ] com.zaxxer.hikari.pool.HikariPool        : HikariPool-1 - Added connection org.postgresql.jdbc.PgConnection@69b1e8f8
2026-07-12T21:36:12.576+05:30  INFO 44583 --- [order-service] [           main] [                                                 ] com.zaxxer.hikari.HikariDataSource       : HikariPool-1 - Start completed.
2026-07-12T21:36:13.179+05:30  INFO 44583 --- [order-service] [           main] [                                                 ] o.h.e.t.j.p.i.JtaPlatformInitiator       : HHH000489: No JTA platform available (set 'hibernate.transaction.jta.platform' to enable JTA platform integration)
2026-07-12T21:36:13.230+05:30  INFO 44583 --- [order-service] [           main] [                                                 ] j.LocalContainerEntityManagerFactoryBean : Initialized JPA EntityManagerFactory for persistence unit 'default'
2026-07-12T21:36:13.667+05:30  INFO 44583 --- [order-service] [           main] [                                                 ] n.d.b.g.c.a.GrpcClientAutoConfiguration  : Detected grpc-netty-shaded: Creating ShadedNettyChannelFactory + InProcessChannelFactory
WARNING: A terminally deprecated method in sun.misc.Unsafe has been called
WARNING: sun.misc.Unsafe::objectFieldOffset has been called by io.grpc.netty.shaded.io.netty.util.internal.PlatformDependent0$4 (file:/Users/avinashperera/.m2/repository/io/grpc/grpc-netty-shaded/1.63.0/grpc-netty-shaded-1.63.0.jar)
WARNING: Please consider reporting this to the maintainers of class io.grpc.netty.shaded.io.netty.util.internal.PlatformDependent0$4
WARNING: sun.misc.Unsafe::objectFieldOffset will be removed in a future release
2026-07-12T21:36:13.954+05:30  WARN 44583 --- [order-service] [           main] [                                                 ] JpaBaseConfiguration$JpaWebConfiguration : spring.jpa.open-in-view is enabled by default. Therefore, database queries may be performed during view rendering. Explicitly configure spring.jpa.open-in-view to disable this warning
2026-07-12T21:36:14.340+05:30  INFO 44583 --- [order-service] [           main] [                                                 ] o.s.b.a.e.web.EndpointLinksResolver      : Exposing 3 endpoint(s) beneath base path '/actuator'
2026-07-12T21:36:14.406+05:30  INFO 44583 --- [order-service] [           main] [                                                 ] o.s.b.w.embedded.tomcat.TomcatWebServer  : Tomcat started on port 8081 (http) with context path ''
2026-07-12T21:36:14.425+05:30  INFO 44583 --- [order-service] [           main] [                                                 ] o.a.k.clients.consumer.ConsumerConfig    : ConsumerConfig values: 
	allow.auto.create.topics = true
	auto.commit.interval.ms = 5000
	auto.include.jmx.reporter = true
	auto.offset.reset = earliest
	bootstrap.servers = [localhost:9092]
	check.crcs = true
	client.dns.lookup = use_all_dns_ips
	client.id = consumer-order-group-1
	client.rack = 
	connections.max.idle.ms = 540000
	default.api.timeout.ms = 60000
	enable.auto.commit = false
	exclude.internal.topics = true
	fetch.max.bytes = 52428800
	fetch.max.wait.ms = 500
	fetch.min.bytes = 1
	group.id = order-group
	group.instance.id = null
	heartbeat.interval.ms = 3000
	interceptor.classes = []
	internal.leave.group.on.close = true
	internal.throw.on.fetch.stable.offset.unsupported = false
	isolation.level = read_uncommitted
	key.deserializer = class org.apache.kafka.common.serialization.StringDeserializer
	max.partition.fetch.bytes = 1048576
	max.poll.interval.ms = 300000
	max.poll.records = 500
	metadata.max.age.ms = 300000
	metric.reporters = []
	metrics.num.samples = 2
	metrics.recording.level = INFO
	metrics.sample.window.ms = 30000
	partition.assignment.strategy = [class org.apache.kafka.clients.consumer.RangeAssignor, class org.apache.kafka.clients.consumer.CooperativeStickyAssignor]
	receive.buffer.bytes = 65536
	reconnect.backoff.max.ms = 1000
	reconnect.backoff.ms = 50
	request.timeout.ms = 30000
	retry.backoff.ms = 100
	sasl.client.callback.handler.class = null
	sasl.jaas.config = null
	sasl.kerberos.kinit.cmd = /usr/bin/kinit
	sasl.kerberos.min.time.before.relogin = 60000
	sasl.kerberos.service.name = null
	sasl.kerberos.ticket.renew.jitter = 0.05
	sasl.kerberos.ticket.renew.window.factor = 0.8
	sasl.login.callback.handler.class = null
	sasl.login.class = null
	sasl.login.connect.timeout.ms = null
	sasl.login.read.timeout.ms = null
	sasl.login.refresh.buffer.seconds = 300
	sasl.login.refresh.min.period.seconds = 60
	sasl.login.refresh.window.factor = 0.8
	sasl.login.refresh.window.jitter = 0.05
	sasl.login.retry.backoff.max.ms = 10000
	sasl.login.retry.backoff.ms = 100
	sasl.mechanism = GSSAPI
	sasl.oauthbearer.clock.skew.seconds = 30
	sasl.oauthbearer.expected.audience = null
	sasl.oauthbearer.expected.issuer = null
	sasl.oauthbearer.jwks.endpoint.refresh.ms = 3600000
	sasl.oauthbearer.jwks.endpoint.retry.backoff.max.ms = 10000
	sasl.oauthbearer.jwks.endpoint.retry.backoff.ms = 100
	sasl.oauthbearer.jwks.endpoint.url = null
	sasl.oauthbearer.scope.claim.name = scope
	sasl.oauthbearer.sub.claim.name = sub
	sasl.oauthbearer.token.endpoint.url = null
	security.protocol = PLAINTEXT
	security.providers = null
	send.buffer.bytes = 131072
	session.timeout.ms = 45000
	socket.connection.setup.timeout.max.ms = 30000
	socket.connection.setup.timeout.ms = 10000
	ssl.cipher.suites = null
	ssl.enabled.protocols = [TLSv1.2, TLSv1.3]
	ssl.endpoint.identification.algorithm = https
	ssl.engine.factory.class = null
	ssl.key.password = null
	ssl.keymanager.algorithm = SunX509
	ssl.keystore.certificate.chain = null
	ssl.keystore.key = null
	ssl.keystore.location = null
	ssl.keystore.password = null
	ssl.keystore.type = JKS
	ssl.protocol = TLSv1.3
	ssl.provider = null
	ssl.secure.random.implementation = null
	ssl.trustmanager.algorithm = PKIX
	ssl.truststore.certificates = null
	ssl.truststore.location = null
	ssl.truststore.password = null
	ssl.truststore.type = JKS
	value.deserializer = class org.springframework.kafka.support.serializer.JsonDeserializer

2026-07-12T21:36:14.501+05:30  INFO 44583 --- [order-service] [           main] [                                                 ] o.a.kafka.common.utils.AppInfoParser     : Kafka version: 3.6.1
2026-07-12T21:36:14.502+05:30  INFO 44583 --- [order-service] [           main] [                                                 ] o.a.kafka.common.utils.AppInfoParser     : Kafka commitId: 5e3c2b738d253ff5
2026-07-12T21:36:14.502+05:30  INFO 44583 --- [order-service] [           main] [                                                 ] o.a.kafka.common.utils.AppInfoParser     : Kafka startTimeMs: 1783872374501
2026-07-12T21:36:14.514+05:30  INFO 44583 --- [order-service] [           main] [                                                 ] fkaConsumerFactory$ExtendedKafkaConsumer : [Consumer clientId=consumer-order-group-1, groupId=order-group] Subscribed to topic(s): payment-failed, inventory-failed, fulfillment-failed
2026-07-12T21:36:14.530+05:30  INFO 44583 --- [order-service] [           main] [                                                 ] c.avinash.order.OrderServiceApplication  : Started OrderServiceApplication in 5.03 seconds (process running for 5.446)
Hibernate: 
    select
        oe1_0.event_id,
        oe1_0.aggregate_id,
        oe1_0.event_type,
        oe1_0.payload,
        oe1_0.processed 
    from
        outbox_events oe1_0 
    where
        not(oe1_0.processed)
2026-07-12T21:36:14.695+05:30  INFO 44583 --- [order-service] [ntainer#0-0-C-1] [                                                 ] org.apache.kafka.clients.Metadata        : [Consumer clientId=consumer-order-group-1, groupId=order-group] Cluster ID: MkU3OEVBNTcwNTJENDM2Qg
2026-07-12T21:36:14.695+05:30  INFO 44583 --- [order-service] [ntainer#0-0-C-1] [                                                 ] o.a.k.c.c.internals.ConsumerCoordinator  : [Consumer clientId=consumer-order-group-1, groupId=order-group] Discovered group coordinator localhost:9092 (id: 2147483646 rack: null)
2026-07-12T21:36:14.696+05:30  INFO 44583 --- [order-service] [ntainer#0-0-C-1] [                                                 ] o.a.k.c.c.internals.ConsumerCoordinator  : [Consumer clientId=consumer-order-group-1, groupId=order-group] (Re-)joining group
2026-07-12T21:36:14.706+05:30  INFO 44583 --- [order-service] [ntainer#0-0-C-1] [                                                 ] o.a.k.c.c.internals.ConsumerCoordinator  : [Consumer clientId=consumer-order-group-1, groupId=order-group] Request joining group due to: need to re-join with the given member-id: consumer-order-group-1-c6450d82-9c39-45ca-b079-7388d08f83cd
2026-07-12T21:36:14.706+05:30  INFO 44583 --- [order-service] [ntainer#0-0-C-1] [                                                 ] o.a.k.c.c.internals.ConsumerCoordinator  : [Consumer clientId=consumer-order-group-1, groupId=order-group] Request joining group due to: rebalance failed due to 'The group member needs to have a valid member id before actually entering a consumer group.' (MemberIdRequiredException)
2026-07-12T21:36:14.706+05:30  INFO 44583 --- [order-service] [ntainer#0-0-C-1] [                                                 ] o.a.k.c.c.internals.ConsumerCoordinator  : [Consumer clientId=consumer-order-group-1, groupId=order-group] (Re-)joining group
2026-07-12T21:36:14.713+05:30  INFO 44583 --- [order-service] [ntainer#0-0-C-1] [                                                 ] o.a.k.c.c.internals.ConsumerCoordinator  : [Consumer clientId=consumer-order-group-1, groupId=order-group] Successfully joined group with generation Generation{generationId=5, memberId='consumer-order-group-1-c6450d82-9c39-45ca-b079-7388d08f83cd', protocol='range'}
2026-07-12T21:36:14.716+05:30  INFO 44583 --- [order-service] [ntainer#0-0-C-1] [                                                 ] o.a.k.c.c.internals.ConsumerCoordinator  : [Consumer clientId=consumer-order-group-1, groupId=order-group] Finished assignment for group at generation 5: {consumer-order-group-1-c6450d82-9c39-45ca-b079-7388d08f83cd=Assignment(partitions=[inventory-failed-0, payment-failed-0, fulfillment-failed-0])}
2026-07-12T21:36:14.722+05:30  INFO 44583 --- [order-service] [ntainer#0-0-C-1] [                                                 ] o.a.k.c.c.internals.ConsumerCoordinator  : [Consumer clientId=consumer-order-group-1, groupId=order-group] Successfully synced group in generation Generation{generationId=5, memberId='consumer-order-group-1-c6450d82-9c39-45ca-b079-7388d08f83cd', protocol='range'}
2026-07-12T21:36:14.722+05:30  INFO 44583 --- [order-service] [ntainer#0-0-C-1] [                                                 ] o.a.k.c.c.internals.ConsumerCoordinator  : [Consumer clientId=consumer-order-group-1, groupId=order-group] Notifying assignor about the new Assignment(partitions=[inventory-failed-0, payment-failed-0, fulfillment-failed-0])
2026-07-12T21:36:14.723+05:30  INFO 44583 --- [order-service] [ntainer#0-0-C-1] [                                                 ] o.a.k.c.c.internals.ConsumerCoordinator  : [Consumer clientId=consumer-order-group-1, groupId=order-group] Adding newly assigned partitions: fulfillment-failed-0, inventory-failed-0, payment-failed-0
2026-07-12T21:36:14.728+05:30  INFO 44583 --- [order-service] [ntainer#0-0-C-1] [                                                 ] o.a.k.c.c.internals.ConsumerCoordinator  : [Consumer clientId=consumer-order-group-1, groupId=order-group] Found no committed offset for partition inventory-failed-0
2026-07-12T21:36:14.729+05:30  INFO 44583 --- [order-service] [ntainer#0-0-C-1] [                                                 ] o.a.k.c.c.internals.ConsumerCoordinator  : [Consumer clientId=consumer-order-group-1, groupId=order-group] Setting offset for partition payment-failed-0 to the committed offset FetchPosition{offset=1, offsetEpoch=Optional.empty, currentLeader=LeaderAndEpoch{leader=Optional[localhost:9092 (id: 1 rack: null)], epoch=2}}
2026-07-12T21:36:14.729+05:30  INFO 44583 --- [order-service] [ntainer#0-0-C-1] [                                                 ] o.a.k.c.c.internals.ConsumerCoordinator  : [Consumer clientId=consumer-order-group-1, groupId=order-group] Setting offset for partition fulfillment-failed-0 to the committed offset FetchPosition{offset=1, offsetEpoch=Optional.empty, currentLeader=LeaderAndEpoch{leader=Optional[localhost:9092 (id: 1 rack: null)], epoch=2}}
2026-07-12T21:36:14.736+05:30  INFO 44583 --- [order-service] [ntainer#0-0-C-1] [                                                 ] o.a.k.c.c.internals.SubscriptionState    : [Consumer clientId=consumer-order-group-1, groupId=order-group] Resetting offset for partition inventory-failed-0 to position FetchPosition{offset=0, offsetEpoch=Optional.empty, currentLeader=LeaderAndEpoch{leader=Optional[localhost:9092 (id: 1 rack: null)], epoch=2}}.
2026-07-12T21:36:14.737+05:30  INFO 44583 --- [order-service] [ntainer#0-0-C-1] [                                                 ] o.s.k.l.KafkaMessageListenerContainer    : order-group: partitions assigned: [fulfillment-failed-0, inventory-failed-0, payment-failed-0]
2026-07-12T21:36:15.593+05:30  INFO 44583 --- [order-service] [nio-8081-exec-1] [                                                 ] o.a.c.c.C.[Tomcat].[localhost].[/]       : Initializing Spring DispatcherServlet 'dispatcherServlet'
2026-07-12T21:36:15.594+05:30  INFO 44583 --- [order-service] [nio-8081-exec-1] [                                                 ] o.s.web.servlet.DispatcherServlet        : Initializing Servlet 'dispatcherServlet'
2026-07-12T21:36:15.595+05:30  INFO 44583 --- [order-service] [nio-8081-exec-1] [                                                 ] o.s.web.servlet.DispatcherServlet        : Completed initialization in 1 ms
Hibernate: 
    select
        oe1_0.event_id,
        oe1_0.aggregate_id,
        oe1_0.event_type,
        oe1_0.payload,
        oe1_0.processed 
    from
        outbox_events oe1_0 
    where
        not(oe1_0.processed)
Hibernate: 
    select
        oe1_0.event_id,
        oe1_0.aggregate_id,
        oe1_0.event_type,
        oe1_0.payload,
        oe1_0.processed 
    from
        outbox_events oe1_0 
    where
        not(oe1_0.processed)
Hibernate: 
    select
        oe1_0.event_id,
        oe1_0.aggregate_id,
        oe1_0.event_type,
        oe1_0.payload,
        oe1_0.processed 
    from
        outbox_events oe1_0 
    where
        not(oe1_0.processed)
Hibernate: 
    select
        oe1_0.event_id,
        oe1_0.aggregate_id,
        oe1_0.event_type,
        oe1_0.payload,
        oe1_0.processed 
    from
        outbox_events oe1_0 
    where
        not(oe1_0.processed)
Hibernate: 
    select
        oe1_0.event_id,
        oe1_0.aggregate_id,
        oe1_0.event_type,
        oe1_0.payload,
        oe1_0.processed 
    from
        outbox_events oe1_0 
    where
        not(oe1_0.processed)
Hibernate: 
    select
        oe1_0.event_id,
        oe1_0.aggregate_id,
        oe1_0.event_type,
        oe1_0.payload,
        oe1_0.processed 
    from
        outbox_events oe1_0 
    where
        not(oe1_0.processed)
Hibernate: 
    select
        oe1_0.event_id,
        oe1_0.aggregate_id,
        oe1_0.event_type,
        oe1_0.payload,
        oe1_0.processed 
    from
        outbox_events oe1_0 
    where
        not(oe1_0.processed)
Hibernate: 
    select
        oe1_0.event_id,
        oe1_0.aggregate_id,
        oe1_0.event_type,
        oe1_0.payload,
        oe1_0.processed 
    from
        outbox_events oe1_0 
    where
        not(oe1_0.processed)
Hibernate: 
    select
        oe1_0.event_id,
        oe1_0.aggregate_id,
        oe1_0.event_type,
        oe1_0.payload,
        oe1_0.processed 
    from
        outbox_events oe1_0 
    where
        not(oe1_0.processed)
Hibernate: 
    select
        oe1_0.event_id,
        oe1_0.aggregate_id,
        oe1_0.event_type,
        oe1_0.payload,
        oe1_0.processed 
    from
        outbox_events oe1_0 
    where
        not(oe1_0.processed)
Hibernate: 
    select
        oe1_0.event_id,
        oe1_0.aggregate_id,
        oe1_0.event_type,
        oe1_0.payload,
        oe1_0.processed 
    from
        outbox_events oe1_0 
    where
        not(oe1_0.processed)
Hibernate: 
    select
        oe1_0.event_id,
        oe1_0.aggregate_id,
        oe1_0.event_type,
        oe1_0.payload,
        oe1_0.processed 
    from
        outbox_events oe1_0 
    where
        not(oe1_0.processed)
Hibernate: 
    select
        oe1_0.event_id,
        oe1_0.aggregate_id,
        oe1_0.event_type,
        oe1_0.payload,
        oe1_0.processed 
    from
        outbox_events oe1_0 
    where
        not(oe1_0.processed)
Hibernate: 
    select
        oe1_0.event_id,
        oe1_0.aggregate_id,
        oe1_0.event_type,
        oe1_0.payload,
        oe1_0.processed 
    from
        outbox_events oe1_0 
    where
        not(oe1_0.processed)
Hibernate: 
    select
        oe1_0.event_id,
        oe1_0.aggregate_id,
        oe1_0.event_type,
        oe1_0.payload,
        oe1_0.processed 
    from
        outbox_events oe1_0 
    where
        not(oe1_0.processed)
Hibernate: 
    select
        oe1_0.event_id,
        oe1_0.aggregate_id,
        oe1_0.event_type,
        oe1_0.payload,
        oe1_0.processed 
    from
        outbox_events oe1_0 
    where
        not(oe1_0.processed)
Hibernate: 
    select
        oe1_0.event_id,
        oe1_0.aggregate_id,
        oe1_0.event_type,
        oe1_0.payload,
        oe1_0.processed 
    from
        outbox_events oe1_0 
    where
        not(oe1_0.processed)
Hibernate: 
    select
        oe1_0.event_id,
        oe1_0.aggregate_id,
        oe1_0.event_type,
        oe1_0.payload,
        oe1_0.processed 
    from
        outbox_events oe1_0 
    where
        not(oe1_0.processed)
Hibernate: 
    select
        oe1_0.event_id,
        oe1_0.aggregate_id,
        oe1_0.event_type,
        oe1_0.payload,
        oe1_0.processed 
    from
        outbox_events oe1_0 
    where
        not(oe1_0.processed)
Hibernate: 
    select
        oe1_0.event_id,
        oe1_0.aggregate_id,
        oe1_0.event_type,
        oe1_0.payload,
        oe1_0.processed 
    from
        outbox_events oe1_0 
    where
        not(oe1_0.processed)
Hibernate: 
    select
        oe1_0.event_id,
        oe1_0.aggregate_id,
        oe1_0.event_type,
        oe1_0.payload,
        oe1_0.processed 
    from
        outbox_events oe1_0 
    where
        not(oe1_0.processed)
Hibernate: 
    select
        oe1_0.event_id,
        oe1_0.aggregate_id,
        oe1_0.event_type,
        oe1_0.payload,
        oe1_0.processed 
    from
        outbox_events oe1_0 
    where
        not(oe1_0.processed)
Hibernate: 
    select
        oe1_0.event_id,
        oe1_0.aggregate_id,
        oe1_0.event_type,
        oe1_0.payload,
        oe1_0.processed 
    from
        outbox_events oe1_0 
    where
        not(oe1_0.processed)
Hibernate: 
    select
        oe1_0.event_id,
        oe1_0.aggregate_id,
        oe1_0.event_type,
        oe1_0.payload,
        oe1_0.processed 
    from
        outbox_events oe1_0 
    where
        not(oe1_0.processed)
Hibernate: 
    select
        oe1_0.event_id,
        oe1_0.aggregate_id,
        oe1_0.event_type,
        oe1_0.payload,
        oe1_0.processed 
    from
        outbox_events oe1_0 
    where
        not(oe1_0.processed)
Hibernate: 
    select
        oe1_0.event_id,
        oe1_0.aggregate_id,
        oe1_0.event_type,
        oe1_0.payload,
        oe1_0.processed 
    from
        outbox_events oe1_0 
    where
        not(oe1_0.processed)
Hibernate: 
    select
        oe1_0.event_id,
        oe1_0.aggregate_id,
        oe1_0.event_type,
        oe1_0.payload,
        oe1_0.processed 
    from
        outbox_events oe1_0 
    where
        not(oe1_0.processed)
Hibernate: 
    select
        oe1_0.event_id,
        oe1_0.aggregate_id,
        oe1_0.event_type,
        oe1_0.payload,
        oe1_0.processed 
    from
        outbox_events oe1_0 
    where
        not(oe1_0.processed)
2026-07-12T21:38:39.822+05:30  INFO 44583 --- [order-service] [ntainer#0-0-C-1] [                                                 ] o.a.k.c.c.internals.ConsumerCoordinator  : [Consumer clientId=consumer-order-group-1, groupId=order-group] Revoke previously assigned partitions fulfillment-failed-0, inventory-failed-0, payment-failed-0
2026-07-12T21:38:39.824+05:30  INFO 44583 --- [order-service] [ntainer#0-0-C-1] [                                                 ] o.s.k.l.KafkaMessageListenerContainer    : order-group: partitions revoked: [fulfillment-failed-0, inventory-failed-0, payment-failed-0]
2026-07-12T21:38:39.826+05:30  INFO 44583 --- [order-service] [ntainer#0-0-C-1] [                                                 ] o.a.k.c.c.internals.ConsumerCoordinator  : [Consumer clientId=consumer-order-group-1, groupId=order-group] Member consumer-order-group-1-c6450d82-9c39-45ca-b079-7388d08f83cd sending LeaveGroup request to coordinator localhost:9092 (id: 2147483646 rack: null) due to the consumer unsubscribed from all topics
2026-07-12T21:38:39.827+05:30  INFO 44583 --- [order-service] [ntainer#0-0-C-1] [                                                 ] o.a.k.c.c.internals.ConsumerCoordinator  : [Consumer clientId=consumer-order-group-1, groupId=order-group] Resetting generation and member id due to: consumer pro-actively leaving the group
2026-07-12T21:38:39.827+05:30  INFO 44583 --- [order-service] [ntainer#0-0-C-1] [                                                 ] o.a.k.c.c.internals.ConsumerCoordinator  : [Consumer clientId=consumer-order-group-1, groupId=order-group] Request joining group due to: consumer pro-actively leaving the group
2026-07-12T21:38:39.827+05:30  INFO 44583 --- [order-service] [ntainer#0-0-C-1] [                                                 ] fkaConsumerFactory$ExtendedKafkaConsumer : [Consumer clientId=consumer-order-group-1, groupId=order-group] Unsubscribed all topics or patterns and assigned partitions
2026-07-12T21:38:39.830+05:30  INFO 44583 --- [order-service] [ntainer#0-0-C-1] [                                                 ] o.a.k.c.c.internals.ConsumerCoordinator  : [Consumer clientId=consumer-order-group-1, groupId=order-group] Resetting generation and member id due to: consumer pro-actively leaving the group
2026-07-12T21:38:39.830+05:30  INFO 44583 --- [order-service] [ntainer#0-0-C-1] [                                                 ] o.a.k.c.c.internals.ConsumerCoordinator  : [Consumer clientId=consumer-order-group-1, groupId=order-group] Request joining group due to: consumer pro-actively leaving the group
2026-07-12T21:38:39.845+05:30  INFO 44583 --- [order-service] [ntainer#0-0-C-1] [                                                 ] o.apache.kafka.common.metrics.Metrics    : Metrics scheduler closed
2026-07-12T21:38:39.846+05:30  INFO 44583 --- [order-service] [ntainer#0-0-C-1] [                                                 ] o.apache.kafka.common.metrics.Metrics    : Closing reporter org.apache.kafka.common.metrics.JmxReporter
2026-07-12T21:38:39.846+05:30  INFO 44583 --- [order-service] [ntainer#0-0-C-1] [                                                 ] o.apache.kafka.common.metrics.Metrics    : Metrics reporters closed
2026-07-12T21:38:39.848+05:30  INFO 44583 --- [order-service] [ntainer#0-0-C-1] [                                                 ] o.a.kafka.common.utils.AppInfoParser     : App info kafka.consumer for consumer-order-group-1 unregistered
2026-07-12T21:38:39.849+05:30  INFO 44583 --- [order-service] [ntainer#0-0-C-1] [                                                 ] o.s.k.l.KafkaMessageListenerContainer    : order-group: Consumer stopped
2026-07-12T21:38:40.591+05:30  INFO 44583 --- [order-service] [ionShutdownHook] [                                                 ] j.LocalContainerEntityManagerFactoryBean : Closing JPA EntityManagerFactory for persistence unit 'default'
2026-07-12T21:38:40.594+05:30  INFO 44583 --- [order-service] [ionShutdownHook] [                                                 ] com.zaxxer.hikari.HikariDataSource       : HikariPool-1 - Shutdown initiated...
2026-07-12T21:38:40.597+05:30  INFO 44583 --- [order-service] [ionShutdownHook] [                                                 ] com.zaxxer.hikari.HikariDataSource       : HikariPool-1 - Shutdown completed.
