[INFO] Scanning for projects...
[INFO] 
[INFO] --------------------< com.avinash:payment-service >---------------------
[INFO] Building payment-service 0.0.1-SNAPSHOT
[INFO]   from pom.xml
[INFO] --------------------------------[ jar ]---------------------------------
[INFO] 
[INFO] >>> spring-boot:3.2.4:run (default-cli) > test-compile @ payment-service >>>
[INFO] 
[INFO] --- resources:3.3.1:resources (default-resources) @ payment-service ---
[INFO] Copying 1 resource from src/main/resources to target/classes
[INFO] Copying 0 resource from src/main/resources to target/classes
[INFO] 
[INFO] --- compiler:3.11.0:compile (default-compile) @ payment-service ---
[INFO] Nothing to compile - all classes are up to date
[INFO] 
[INFO] --- resources:3.3.1:testResources (default-testResources) @ payment-service ---
[INFO] skip non existing resourceDirectory /Users/avinashperera/distributedms/payment-service/src/test/resources
[INFO] 
[INFO] --- compiler:3.11.0:testCompile (default-testCompile) @ payment-service ---
[INFO] No sources to compile
[INFO] 
[INFO] <<< spring-boot:3.2.4:run (default-cli) < test-compile @ payment-service <<<
[INFO] 
[INFO] 
[INFO] --- spring-boot:3.2.4:run (default-cli) @ payment-service ---
[INFO] Attaching agents: []

  .   ____          _            __ _ _
 /\\ / ___'_ __ _ _(_)_ __  __ _ \ \ \ \
( ( )\___ | '_ | '_| | '_ \/ _` | \ \ \ \
 \\/  ___)| |_)| | | | | || (_| |  ) ) ) )
  '  |____| .__|_| |_|_| |_\__, | / / / /
 =========|_|==============|___/=/_/_/_/
 :: Spring Boot ::                (v3.2.4)

2026-07-12T21:36:11.825+05:30  INFO 44589 --- [payment-service] [           main] [                                                 ] c.a.payment.PaymentServiceApplication    : Starting PaymentServiceApplication using Java 26.0.1 with PID 44589 (/Users/avinashperera/distributedms/payment-service/target/classes started by avinashperera in /Users/avinashperera/distributedms/payment-service)
2026-07-12T21:36:11.832+05:30  INFO 44589 --- [payment-service] [           main] [                                                 ] c.a.payment.PaymentServiceApplication    : No active profile set, falling back to 1 default profile: "default"
2026-07-12T21:36:12.615+05:30  INFO 44589 --- [payment-service] [           main] [                                                 ] .s.d.r.c.RepositoryConfigurationDelegate : Bootstrapping Spring Data JPA repositories in DEFAULT mode.
2026-07-12T21:36:12.650+05:30  INFO 44589 --- [payment-service] [           main] [                                                 ] .s.d.r.c.RepositoryConfigurationDelegate : Finished Spring Data repository scanning in 29 ms. Found 1 JPA repository interface.
WARNING: A restricted method in java.lang.System has been called
WARNING: java.lang.System::load has been called by org.apache.tomcat.jni.Library in an unnamed module (file:/Users/avinashperera/.m2/repository/org/apache/tomcat/embed/tomcat-embed-core/10.1.19/tomcat-embed-core-10.1.19.jar)
WARNING: Use --enable-native-access=ALL-UNNAMED to avoid a warning for callers in this module
WARNING: Restricted methods will be blocked in a future release unless native access is enabled

2026-07-12T21:36:13.171+05:30  INFO 44589 --- [payment-service] [           main] [                                                 ] o.s.b.w.embedded.tomcat.TomcatWebServer  : Tomcat initialized with port 8083 (http)
2026-07-12T21:36:13.179+05:30  INFO 44589 --- [payment-service] [           main] [                                                 ] o.apache.catalina.core.StandardService   : Starting service [Tomcat]
2026-07-12T21:36:13.180+05:30  INFO 44589 --- [payment-service] [           main] [                                                 ] o.apache.catalina.core.StandardEngine    : Starting Servlet engine: [Apache Tomcat/10.1.19]
2026-07-12T21:36:13.209+05:30  INFO 44589 --- [payment-service] [           main] [                                                 ] o.a.c.c.C.[Tomcat].[localhost].[/]       : Initializing Spring embedded WebApplicationContext
2026-07-12T21:36:13.210+05:30  INFO 44589 --- [payment-service] [           main] [                                                 ] w.s.c.ServletWebServerApplicationContext : Root WebApplicationContext: initialization completed in 1346 ms
2026-07-12T21:36:13.653+05:30  INFO 44589 --- [payment-service] [           main] [                                                 ] o.hibernate.jpa.internal.util.LogHelper  : HHH000204: Processing PersistenceUnitInfo [name: default]
2026-07-12T21:36:13.690+05:30  INFO 44589 --- [payment-service] [           main] [                                                 ] org.hibernate.Version                    : HHH000412: Hibernate ORM core version 6.4.4.Final
2026-07-12T21:36:13.707+05:30  INFO 44589 --- [payment-service] [           main] [                                                 ] o.h.c.internal.RegionFactoryInitiator    : HHH000026: Second-level cache disabled
2026-07-12T21:36:13.907+05:30  INFO 44589 --- [payment-service] [           main] [                                                 ] o.s.o.j.p.SpringPersistenceUnitInfo      : No LoadTimeWeaver setup: ignoring JPA class transformer
2026-07-12T21:36:13.920+05:30  INFO 44589 --- [payment-service] [           main] [                                                 ] com.zaxxer.hikari.HikariDataSource       : HikariPool-1 - Starting...
2026-07-12T21:36:14.015+05:30  INFO 44589 --- [payment-service] [           main] [                                                 ] com.zaxxer.hikari.pool.HikariPool        : HikariPool-1 - Added connection org.postgresql.jdbc.PgConnection@16d61071
2026-07-12T21:36:14.016+05:30  INFO 44589 --- [payment-service] [           main] [                                                 ] com.zaxxer.hikari.HikariDataSource       : HikariPool-1 - Start completed.
2026-07-12T21:36:14.438+05:30  INFO 44589 --- [payment-service] [           main] [                                                 ] o.h.e.t.j.p.i.JtaPlatformInitiator       : HHH000489: No JTA platform available (set 'hibernate.transaction.jta.platform' to enable JTA platform integration)
2026-07-12T21:36:14.463+05:30  INFO 44589 --- [payment-service] [           main] [                                                 ] j.LocalContainerEntityManagerFactoryBean : Initialized JPA EntityManagerFactory for persistence unit 'default'
2026-07-12T21:36:14.730+05:30  WARN 44589 --- [payment-service] [           main] [                                                 ] JpaBaseConfiguration$JpaWebConfiguration : spring.jpa.open-in-view is enabled by default. Therefore, database queries may be performed during view rendering. Explicitly configure spring.jpa.open-in-view to disable this warning
2026-07-12T21:36:15.058+05:30  INFO 44589 --- [payment-service] [           main] [                                                 ] o.s.b.a.e.web.EndpointLinksResolver      : Exposing 3 endpoint(s) beneath base path '/actuator'
2026-07-12T21:36:15.108+05:30  INFO 44589 --- [payment-service] [           main] [                                                 ] o.s.b.w.embedded.tomcat.TomcatWebServer  : Tomcat started on port 8083 (http) with context path ''
2026-07-12T21:36:15.124+05:30  INFO 44589 --- [payment-service] [           main] [                                                 ] o.a.k.clients.consumer.ConsumerConfig    : ConsumerConfig values: 
	allow.auto.create.topics = true
	auto.commit.interval.ms = 5000
	auto.include.jmx.reporter = true
	auto.offset.reset = earliest
	bootstrap.servers = [localhost:9092]
	check.crcs = true
	client.dns.lookup = use_all_dns_ips
	client.id = consumer-payment-group-1
	client.rack = 
	connections.max.idle.ms = 540000
	default.api.timeout.ms = 60000
	enable.auto.commit = false
	exclude.internal.topics = true
	fetch.max.bytes = 52428800
	fetch.max.wait.ms = 500
	fetch.min.bytes = 1
	group.id = payment-group
	group.instance.id = null
	heartbeat.interval.ms = 3000
	interceptor.classes = []
	internal.leave.group.on.close = true
	internal.throw.on.fetch.stable.offset.unsupported = false
	isolation.level = read_uncommitted
	key.deserializer = class org.apache.kafka.common.serialization.StringDeserializer
	max.partition.fetch.bytes = 1048576
	max.poll.interval.ms = 300000
	max.poll.records = 500
	metadata.max.age.ms = 300000
	metric.reporters = []
	metrics.num.samples = 2
	metrics.recording.level = INFO
	metrics.sample.window.ms = 30000
	partition.assignment.strategy = [class org.apache.kafka.clients.consumer.RangeAssignor, class org.apache.kafka.clients.consumer.CooperativeStickyAssignor]
	receive.buffer.bytes = 65536
	reconnect.backoff.max.ms = 1000
	reconnect.backoff.ms = 50
	request.timeout.ms = 30000
	retry.backoff.ms = 100
	sasl.client.callback.handler.class = null
	sasl.jaas.config = null
	sasl.kerberos.kinit.cmd = /usr/bin/kinit
	sasl.kerberos.min.time.before.relogin = 60000
	sasl.kerberos.service.name = null
	sasl.kerberos.ticket.renew.jitter = 0.05
	sasl.kerberos.ticket.renew.window.factor = 0.8
	sasl.login.callback.handler.class = null
	sasl.login.class = null
	sasl.login.connect.timeout.ms = null
	sasl.login.read.timeout.ms = null
	sasl.login.refresh.buffer.seconds = 300
	sasl.login.refresh.min.period.seconds = 60
	sasl.login.refresh.window.factor = 0.8
	sasl.login.refresh.window.jitter = 0.05
	sasl.login.retry.backoff.max.ms = 10000
	sasl.login.retry.backoff.ms = 100
	sasl.mechanism = GSSAPI
	sasl.oauthbearer.clock.skew.seconds = 30
	sasl.oauthbearer.expected.audience = null
	sasl.oauthbearer.expected.issuer = null
	sasl.oauthbearer.jwks.endpoint.refresh.ms = 3600000
	sasl.oauthbearer.jwks.endpoint.retry.backoff.max.ms = 10000
	sasl.oauthbearer.jwks.endpoint.retry.backoff.ms = 100
	sasl.oauthbearer.jwks.endpoint.url = null
	sasl.oauthbearer.scope.claim.name = scope
	sasl.oauthbearer.sub.claim.name = sub
	sasl.oauthbearer.token.endpoint.url = null
	security.protocol = PLAINTEXT
	security.providers = null
	send.buffer.bytes = 131072
	session.timeout.ms = 45000
	socket.connection.setup.timeout.max.ms = 30000
	socket.connection.setup.timeout.ms = 10000
	ssl.cipher.suites = null
	ssl.enabled.protocols = [TLSv1.2, TLSv1.3]
	ssl.endpoint.identification.algorithm = https
	ssl.engine.factory.class = null
	ssl.key.password = null
	ssl.keymanager.algorithm = SunX509
	ssl.keystore.certificate.chain = null
	ssl.keystore.key = null
	ssl.keystore.location = null
	ssl.keystore.password = null
	ssl.keystore.type = JKS
	ssl.protocol = TLSv1.3
	ssl.provider = null
	ssl.secure.random.implementation = null
	ssl.trustmanager.algorithm = PKIX
	ssl.truststore.certificates = null
	ssl.truststore.location = null
	ssl.truststore.password = null
	ssl.truststore.type = JKS
	value.deserializer = class org.springframework.kafka.support.serializer.JsonDeserializer

2026-07-12T21:36:15.181+05:30  INFO 44589 --- [payment-service] [           main] [                                                 ] o.a.kafka.common.utils.AppInfoParser     : Kafka version: 3.6.1
2026-07-12T21:36:15.181+05:30  INFO 44589 --- [payment-service] [           main] [                                                 ] o.a.kafka.common.utils.AppInfoParser     : Kafka commitId: 5e3c2b738d253ff5
2026-07-12T21:36:15.181+05:30  INFO 44589 --- [payment-service] [           main] [                                                 ] o.a.kafka.common.utils.AppInfoParser     : Kafka startTimeMs: 1783872375181
2026-07-12T21:36:15.191+05:30  INFO 44589 --- [payment-service] [           main] [                                                 ] fkaConsumerFactory$ExtendedKafkaConsumer : [Consumer clientId=consumer-payment-group-1, groupId=payment-group] Subscribed to topic(s): inventory-reserved
2026-07-12T21:36:15.194+05:30  INFO 44589 --- [payment-service] [           main] [                                                 ] o.a.k.clients.consumer.ConsumerConfig    : ConsumerConfig values: 
	allow.auto.create.topics = true
	auto.commit.interval.ms = 5000
	auto.include.jmx.reporter = true
	auto.offset.reset = earliest
	bootstrap.servers = [localhost:9092]
	check.crcs = true
	client.dns.lookup = use_all_dns_ips
	client.id = consumer-payment-group-2
	client.rack = 
	connections.max.idle.ms = 540000
	default.api.timeout.ms = 60000
	enable.auto.commit = false
	exclude.internal.topics = true
	fetch.max.bytes = 52428800
	fetch.max.wait.ms = 500
	fetch.min.bytes = 1
	group.id = payment-group
	group.instance.id = null
	heartbeat.interval.ms = 3000
	interceptor.classes = []
	internal.leave.group.on.close = true
	internal.throw.on.fetch.stable.offset.unsupported = false
	isolation.level = read_uncommitted
	key.deserializer = class org.apache.kafka.common.serialization.StringDeserializer
	max.partition.fetch.bytes = 1048576
	max.poll.interval.ms = 300000
	max.poll.records = 500
	metadata.max.age.ms = 300000
	metric.reporters = []
	metrics.num.samples = 2
	metrics.recording.level = INFO
	metrics.sample.window.ms = 30000
	partition.assignment.strategy = [class org.apache.kafka.clients.consumer.RangeAssignor, class org.apache.kafka.clients.consumer.CooperativeStickyAssignor]
	receive.buffer.bytes = 65536
	reconnect.backoff.max.ms = 1000
	reconnect.backoff.ms = 50
	request.timeout.ms = 30000
	retry.backoff.ms = 100
	sasl.client.callback.handler.class = null
	sasl.jaas.config = null
	sasl.kerberos.kinit.cmd = /usr/bin/kinit
	sasl.kerberos.min.time.before.relogin = 60000
	sasl.kerberos.service.name = null
	sasl.kerberos.ticket.renew.jitter = 0.05
	sasl.kerberos.ticket.renew.window.factor = 0.8
	sasl.login.callback.handler.class = null
	sasl.login.class = null
	sasl.login.connect.timeout.ms = null
	sasl.login.read.timeout.ms = null
	sasl.login.refresh.buffer.seconds = 300
	sasl.login.refresh.min.period.seconds = 60
	sasl.login.refresh.window.factor = 0.8
	sasl.login.refresh.window.jitter = 0.05
	sasl.login.retry.backoff.max.ms = 10000
	sasl.login.retry.backoff.ms = 100
	sasl.mechanism = GSSAPI
	sasl.oauthbearer.clock.skew.seconds = 30
	sasl.oauthbearer.expected.audience = null
	sasl.oauthbearer.expected.issuer = null
	sasl.oauthbearer.jwks.endpoint.refresh.ms = 3600000
	sasl.oauthbearer.jwks.endpoint.retry.backoff.max.ms = 10000
	sasl.oauthbearer.jwks.endpoint.retry.backoff.ms = 100
	sasl.oauthbearer.jwks.endpoint.url = null
	sasl.oauthbearer.scope.claim.name = scope
	sasl.oauthbearer.sub.claim.name = sub
	sasl.oauthbearer.token.endpoint.url = null
	security.protocol = PLAINTEXT
	security.providers = null
	send.buffer.bytes = 131072
	session.timeout.ms = 45000
	socket.connection.setup.timeout.max.ms = 30000
	socket.connection.setup.timeout.ms = 10000
	ssl.cipher.suites = null
	ssl.enabled.protocols = [TLSv1.2, TLSv1.3]
	ssl.endpoint.identification.algorithm = https
	ssl.engine.factory.class = null
	ssl.key.password = null
	ssl.keymanager.algorithm = SunX509
	ssl.keystore.certificate.chain = null
	ssl.keystore.key = null
	ssl.keystore.location = null
	ssl.keystore.password = null
	ssl.keystore.type = JKS
	ssl.protocol = TLSv1.3
	ssl.provider = null
	ssl.secure.random.implementation = null
	ssl.trustmanager.algorithm = PKIX
	ssl.truststore.certificates = null
	ssl.truststore.location = null
	ssl.truststore.password = null
	ssl.truststore.type = JKS
	value.deserializer = class org.springframework.kafka.support.serializer.JsonDeserializer

2026-07-12T21:36:15.197+05:30  INFO 44589 --- [payment-service] [           main] [                                                 ] o.a.kafka.common.utils.AppInfoParser     : Kafka version: 3.6.1
2026-07-12T21:36:15.197+05:30  INFO 44589 --- [payment-service] [           main] [                                                 ] o.a.kafka.common.utils.AppInfoParser     : Kafka commitId: 5e3c2b738d253ff5
2026-07-12T21:36:15.197+05:30  INFO 44589 --- [payment-service] [           main] [                                                 ] o.a.kafka.common.utils.AppInfoParser     : Kafka startTimeMs: 1783872375197
2026-07-12T21:36:15.201+05:30  INFO 44589 --- [payment-service] [           main] [                                                 ] fkaConsumerFactory$ExtendedKafkaConsumer : [Consumer clientId=consumer-payment-group-2, groupId=payment-group] Subscribed to topic(s): fulfillment-failed
2026-07-12T21:36:15.214+05:30  INFO 44589 --- [payment-service] [           main] [                                                 ] c.a.payment.PaymentServiceApplication    : Started PaymentServiceApplication in 3.745 seconds (process running for 3.985)
2026-07-12T21:36:15.413+05:30  INFO 44589 --- [payment-service] [ntainer#0-0-C-1] [                                                 ] org.apache.kafka.clients.Metadata        : [Consumer clientId=consumer-payment-group-1, groupId=payment-group] Cluster ID: MkU3OEVBNTcwNTJENDM2Qg
2026-07-12T21:36:15.413+05:30  INFO 44589 --- [payment-service] [ntainer#1-0-C-1] [                                                 ] org.apache.kafka.clients.Metadata        : [Consumer clientId=consumer-payment-group-2, groupId=payment-group] Cluster ID: MkU3OEVBNTcwNTJENDM2Qg
2026-07-12T21:36:15.414+05:30  INFO 44589 --- [payment-service] [ntainer#0-0-C-1] [                                                 ] o.a.k.c.c.internals.ConsumerCoordinator  : [Consumer clientId=consumer-payment-group-1, groupId=payment-group] Discovered group coordinator localhost:9092 (id: 2147483646 rack: null)
2026-07-12T21:36:15.414+05:30  INFO 44589 --- [payment-service] [ntainer#1-0-C-1] [                                                 ] o.a.k.c.c.internals.ConsumerCoordinator  : [Consumer clientId=consumer-payment-group-2, groupId=payment-group] Discovered group coordinator localhost:9092 (id: 2147483646 rack: null)
2026-07-12T21:36:15.415+05:30  INFO 44589 --- [payment-service] [ntainer#1-0-C-1] [                                                 ] o.a.k.c.c.internals.ConsumerCoordinator  : [Consumer clientId=consumer-payment-group-2, groupId=payment-group] (Re-)joining group
2026-07-12T21:36:15.415+05:30  INFO 44589 --- [payment-service] [ntainer#0-0-C-1] [                                                 ] o.a.k.c.c.internals.ConsumerCoordinator  : [Consumer clientId=consumer-payment-group-1, groupId=payment-group] (Re-)joining group
2026-07-12T21:36:15.424+05:30  INFO 44589 --- [payment-service] [ntainer#1-0-C-1] [                                                 ] o.a.k.c.c.internals.ConsumerCoordinator  : [Consumer clientId=consumer-payment-group-2, groupId=payment-group] Request joining group due to: need to re-join with the given member-id: consumer-payment-group-2-0b6aaab4-b265-47af-8a62-aefe1c0ef447
2026-07-12T21:36:15.424+05:30  INFO 44589 --- [payment-service] [ntainer#0-0-C-1] [                                                 ] o.a.k.c.c.internals.ConsumerCoordinator  : [Consumer clientId=consumer-payment-group-1, groupId=payment-group] Request joining group due to: need to re-join with the given member-id: consumer-payment-group-1-7e29456a-6352-408e-aba4-469027b2ef1b
2026-07-12T21:36:15.424+05:30  INFO 44589 --- [payment-service] [ntainer#0-0-C-1] [                                                 ] o.a.k.c.c.internals.ConsumerCoordinator  : [Consumer clientId=consumer-payment-group-1, groupId=payment-group] Request joining group due to: rebalance failed due to 'The group member needs to have a valid member id before actually entering a consumer group.' (MemberIdRequiredException)
2026-07-12T21:36:15.424+05:30  INFO 44589 --- [payment-service] [ntainer#0-0-C-1] [                                                 ] o.a.k.c.c.internals.ConsumerCoordinator  : [Consumer clientId=consumer-payment-group-1, groupId=payment-group] (Re-)joining group
2026-07-12T21:36:15.424+05:30  INFO 44589 --- [payment-service] [ntainer#1-0-C-1] [                                                 ] o.a.k.c.c.internals.ConsumerCoordinator  : [Consumer clientId=consumer-payment-group-2, groupId=payment-group] Request joining group due to: rebalance failed due to 'The group member needs to have a valid member id before actually entering a consumer group.' (MemberIdRequiredException)
2026-07-12T21:36:15.425+05:30  INFO 44589 --- [payment-service] [ntainer#1-0-C-1] [                                                 ] o.a.k.c.c.internals.ConsumerCoordinator  : [Consumer clientId=consumer-payment-group-2, groupId=payment-group] (Re-)joining group
2026-07-12T21:36:15.428+05:30  INFO 44589 --- [payment-service] [ntainer#0-0-C-1] [                                                 ] o.a.k.c.c.internals.ConsumerCoordinator  : [Consumer clientId=consumer-payment-group-1, groupId=payment-group] Successfully joined group with generation Generation{generationId=5, memberId='consumer-payment-group-1-7e29456a-6352-408e-aba4-469027b2ef1b', protocol='range'}
2026-07-12T21:36:15.429+05:30  INFO 44589 --- [payment-service] [ntainer#1-0-C-1] [                                                 ] o.a.k.c.c.internals.ConsumerCoordinator  : [Consumer clientId=consumer-payment-group-2, groupId=payment-group] Successfully joined group with generation Generation{generationId=5, memberId='consumer-payment-group-2-0b6aaab4-b265-47af-8a62-aefe1c0ef447', protocol='range'}
2026-07-12T21:36:15.436+05:30  INFO 44589 --- [payment-service] [ntainer#0-0-C-1] [                                                 ] o.a.k.c.c.internals.ConsumerCoordinator  : [Consumer clientId=consumer-payment-group-1, groupId=payment-group] Finished assignment for group at generation 5: {consumer-payment-group-2-0b6aaab4-b265-47af-8a62-aefe1c0ef447=Assignment(partitions=[fulfillment-failed-0]), consumer-payment-group-1-7e29456a-6352-408e-aba4-469027b2ef1b=Assignment(partitions=[inventory-reserved-0])}
2026-07-12T21:36:15.440+05:30  INFO 44589 --- [payment-service] [ntainer#0-0-C-1] [                                                 ] o.a.k.c.c.internals.ConsumerCoordinator  : [Consumer clientId=consumer-payment-group-1, groupId=payment-group] Successfully synced group in generation Generation{generationId=5, memberId='consumer-payment-group-1-7e29456a-6352-408e-aba4-469027b2ef1b', protocol='range'}
2026-07-12T21:36:15.441+05:30  INFO 44589 --- [payment-service] [ntainer#0-0-C-1] [                                                 ] o.a.k.c.c.internals.ConsumerCoordinator  : [Consumer clientId=consumer-payment-group-1, groupId=payment-group] Notifying assignor about the new Assignment(partitions=[inventory-reserved-0])
2026-07-12T21:36:15.441+05:30  INFO 44589 --- [payment-service] [ntainer#1-0-C-1] [                                                 ] o.a.k.c.c.internals.ConsumerCoordinator  : [Consumer clientId=consumer-payment-group-2, groupId=payment-group] Successfully synced group in generation Generation{generationId=5, memberId='consumer-payment-group-2-0b6aaab4-b265-47af-8a62-aefe1c0ef447', protocol='range'}
2026-07-12T21:36:15.441+05:30  INFO 44589 --- [payment-service] [ntainer#1-0-C-1] [                                                 ] o.a.k.c.c.internals.ConsumerCoordinator  : [Consumer clientId=consumer-payment-group-2, groupId=payment-group] Notifying assignor about the new Assignment(partitions=[fulfillment-failed-0])
2026-07-12T21:36:15.441+05:30  INFO 44589 --- [payment-service] [ntainer#1-0-C-1] [                                                 ] o.a.k.c.c.internals.ConsumerCoordinator  : [Consumer clientId=consumer-payment-group-2, groupId=payment-group] Adding newly assigned partitions: fulfillment-failed-0
2026-07-12T21:36:15.441+05:30  INFO 44589 --- [payment-service] [ntainer#0-0-C-1] [                                                 ] o.a.k.c.c.internals.ConsumerCoordinator  : [Consumer clientId=consumer-payment-group-1, groupId=payment-group] Adding newly assigned partitions: inventory-reserved-0
2026-07-12T21:36:15.446+05:30  INFO 44589 --- [payment-service] [ntainer#0-0-C-1] [                                                 ] o.a.k.c.c.internals.ConsumerCoordinator  : [Consumer clientId=consumer-payment-group-1, groupId=payment-group] Setting offset for partition inventory-reserved-0 to the committed offset FetchPosition{offset=3, offsetEpoch=Optional.empty, currentLeader=LeaderAndEpoch{leader=Optional[localhost:9092 (id: 1 rack: null)], epoch=2}}
2026-07-12T21:36:15.446+05:30  INFO 44589 --- [payment-service] [ntainer#1-0-C-1] [                                                 ] o.a.k.c.c.internals.ConsumerCoordinator  : [Consumer clientId=consumer-payment-group-2, groupId=payment-group] Setting offset for partition fulfillment-failed-0 to the committed offset FetchPosition{offset=1, offsetEpoch=Optional.empty, currentLeader=LeaderAndEpoch{leader=Optional[localhost:9092 (id: 1 rack: null)], epoch=2}}
2026-07-12T21:36:15.446+05:30  INFO 44589 --- [payment-service] [ntainer#0-0-C-1] [                                                 ] o.s.k.l.KafkaMessageListenerContainer    : payment-group: partitions assigned: [inventory-reserved-0]
2026-07-12T21:36:15.447+05:30  INFO 44589 --- [payment-service] [ntainer#1-0-C-1] [                                                 ] o.s.k.l.KafkaMessageListenerContainer    : payment-group: partitions assigned: [fulfillment-failed-0]
2026-07-12T21:36:16.770+05:30  INFO 44589 --- [payment-service] [nio-8083-exec-1] [                                                 ] o.a.c.c.C.[Tomcat].[localhost].[/]       : Initializing Spring DispatcherServlet 'dispatcherServlet'
2026-07-12T21:36:16.770+05:30  INFO 44589 --- [payment-service] [nio-8083-exec-1] [                                                 ] o.s.web.servlet.DispatcherServlet        : Initializing Servlet 'dispatcherServlet'
2026-07-12T21:36:16.772+05:30  INFO 44589 --- [payment-service] [nio-8083-exec-1] [                                                 ] o.s.web.servlet.DispatcherServlet        : Completed initialization in 2 ms
2026-07-12T21:38:39.830+05:30  INFO 44589 --- [payment-service] [ntainer#1-0-C-1] [                                                 ] o.a.k.c.c.internals.ConsumerCoordinator  : [Consumer clientId=consumer-payment-group-2, groupId=payment-group] Revoke previously assigned partitions fulfillment-failed-0
2026-07-12T21:38:39.830+05:30  INFO 44589 --- [payment-service] [ntainer#0-0-C-1] [                                                 ] o.a.k.c.c.internals.ConsumerCoordinator  : [Consumer clientId=consumer-payment-group-1, groupId=payment-group] Revoke previously assigned partitions inventory-reserved-0
2026-07-12T21:38:39.831+05:30  INFO 44589 --- [payment-service] [ntainer#1-0-C-1] [                                                 ] o.s.k.l.KafkaMessageListenerContainer    : payment-group: partitions revoked: [fulfillment-failed-0]
2026-07-12T21:38:39.831+05:30  INFO 44589 --- [payment-service] [ntainer#1-0-C-1] [                                                 ] o.a.k.c.c.internals.ConsumerCoordinator  : [Consumer clientId=consumer-payment-group-2, groupId=payment-group] Member consumer-payment-group-2-0b6aaab4-b265-47af-8a62-aefe1c0ef447 sending LeaveGroup request to coordinator localhost:9092 (id: 2147483646 rack: null) due to the consumer unsubscribed from all topics
2026-07-12T21:38:39.831+05:30  INFO 44589 --- [payment-service] [ntainer#0-0-C-1] [                                                 ] o.s.k.l.KafkaMessageListenerContainer    : payment-group: partitions revoked: [inventory-reserved-0]
2026-07-12T21:38:39.831+05:30  INFO 44589 --- [payment-service] [ntainer#0-0-C-1] [                                                 ] o.a.k.c.c.internals.ConsumerCoordinator  : [Consumer clientId=consumer-payment-group-1, groupId=payment-group] Member consumer-payment-group-1-7e29456a-6352-408e-aba4-469027b2ef1b sending LeaveGroup request to coordinator localhost:9092 (id: 2147483646 rack: null) due to the consumer unsubscribed from all topics
2026-07-12T21:38:39.832+05:30  INFO 44589 --- [payment-service] [ntainer#1-0-C-1] [                                                 ] o.a.k.c.c.internals.ConsumerCoordinator  : [Consumer clientId=consumer-payment-group-2, groupId=payment-group] Resetting generation and member id due to: consumer pro-actively leaving the group
2026-07-12T21:38:39.832+05:30  INFO 44589 --- [payment-service] [ntainer#1-0-C-1] [                                                 ] o.a.k.c.c.internals.ConsumerCoordinator  : [Consumer clientId=consumer-payment-group-2, groupId=payment-group] Request joining group due to: consumer pro-actively leaving the group
2026-07-12T21:38:39.832+05:30  INFO 44589 --- [payment-service] [ntainer#1-0-C-1] [                                                 ] fkaConsumerFactory$ExtendedKafkaConsumer : [Consumer clientId=consumer-payment-group-2, groupId=payment-group] Unsubscribed all topics or patterns and assigned partitions
2026-07-12T21:38:39.832+05:30  INFO 44589 --- [payment-service] [ntainer#0-0-C-1] [                                                 ] o.a.k.c.c.internals.ConsumerCoordinator  : [Consumer clientId=consumer-payment-group-1, groupId=payment-group] Resetting generation and member id due to: consumer pro-actively leaving the group
2026-07-12T21:38:39.832+05:30  INFO 44589 --- [payment-service] [ntainer#0-0-C-1] [                                                 ] o.a.k.c.c.internals.ConsumerCoordinator  : [Consumer clientId=consumer-payment-group-1, groupId=payment-group] Request joining group due to: consumer pro-actively leaving the group
2026-07-12T21:38:39.832+05:30  INFO 44589 --- [payment-service] [ntainer#0-0-C-1] [                                                 ] fkaConsumerFactory$ExtendedKafkaConsumer : [Consumer clientId=consumer-payment-group-1, groupId=payment-group] Unsubscribed all topics or patterns and assigned partitions
2026-07-12T21:38:39.834+05:30  INFO 44589 --- [payment-service] [ntainer#0-0-C-1] [                                                 ] o.a.k.c.c.internals.ConsumerCoordinator  : [Consumer clientId=consumer-payment-group-1, groupId=payment-group] Resetting generation and member id due to: consumer pro-actively leaving the group
2026-07-12T21:38:39.834+05:30  INFO 44589 --- [payment-service] [ntainer#0-0-C-1] [                                                 ] o.a.k.c.c.internals.ConsumerCoordinator  : [Consumer clientId=consumer-payment-group-1, groupId=payment-group] Request joining group due to: consumer pro-actively leaving the group
2026-07-12T21:38:39.834+05:30  INFO 44589 --- [payment-service] [ntainer#1-0-C-1] [                                                 ] o.a.k.c.c.internals.ConsumerCoordinator  : [Consumer clientId=consumer-payment-group-2, groupId=payment-group] Resetting generation and member id due to: consumer pro-actively leaving the group
2026-07-12T21:38:39.834+05:30  INFO 44589 --- [payment-service] [ntainer#1-0-C-1] [                                                 ] o.a.k.c.c.internals.ConsumerCoordinator  : [Consumer clientId=consumer-payment-group-2, groupId=payment-group] Request joining group due to: consumer pro-actively leaving the group
2026-07-12T21:38:39.991+05:30  INFO 44589 --- [payment-service] [ntainer#1-0-C-1] [                                                 ] o.apache.kafka.common.metrics.Metrics    : Metrics scheduler closed
2026-07-12T21:38:39.991+05:30  INFO 44589 --- [payment-service] [ntainer#0-0-C-1] [                                                 ] o.apache.kafka.common.metrics.Metrics    : Metrics scheduler closed
2026-07-12T21:38:39.991+05:30  INFO 44589 --- [payment-service] [ntainer#1-0-C-1] [                                                 ] o.apache.kafka.common.metrics.Metrics    : Closing reporter org.apache.kafka.common.metrics.JmxReporter
2026-07-12T21:38:39.991+05:30  INFO 44589 --- [payment-service] [ntainer#0-0-C-1] [                                                 ] o.apache.kafka.common.metrics.Metrics    : Closing reporter org.apache.kafka.common.metrics.JmxReporter
2026-07-12T21:38:39.991+05:30  INFO 44589 --- [payment-service] [ntainer#1-0-C-1] [                                                 ] o.apache.kafka.common.metrics.Metrics    : Metrics reporters closed
2026-07-12T21:38:39.991+05:30  INFO 44589 --- [payment-service] [ntainer#0-0-C-1] [                                                 ] o.apache.kafka.common.metrics.Metrics    : Metrics reporters closed
2026-07-12T21:38:39.996+05:30  INFO 44589 --- [payment-service] [ntainer#1-0-C-1] [                                                 ] o.a.kafka.common.utils.AppInfoParser     : App info kafka.consumer for consumer-payment-group-2 unregistered
2026-07-12T21:38:39.997+05:30  INFO 44589 --- [payment-service] [ntainer#0-0-C-1] [                                                 ] o.a.kafka.common.utils.AppInfoParser     : App info kafka.consumer for consumer-payment-group-1 unregistered
2026-07-12T21:38:39.998+05:30  INFO 44589 --- [payment-service] [ntainer#1-0-C-1] [                                                 ] o.s.k.l.KafkaMessageListenerContainer    : payment-group: Consumer stopped
2026-07-12T21:38:39.999+05:30  INFO 44589 --- [payment-service] [ntainer#0-0-C-1] [                                                 ] o.s.k.l.KafkaMessageListenerContainer    : payment-group: Consumer stopped
2026-07-12T21:38:41.734+05:30  INFO 44589 --- [payment-service] [ionShutdownHook] [                                                 ] j.LocalContainerEntityManagerFactoryBean : Closing JPA EntityManagerFactory for persistence unit 'default'
2026-07-12T21:38:41.740+05:30  INFO 44589 --- [payment-service] [ionShutdownHook] [                                                 ] com.zaxxer.hikari.HikariDataSource       : HikariPool-1 - Shutdown initiated...
2026-07-12T21:38:41.742+05:30  INFO 44589 --- [payment-service] [ionShutdownHook] [                                                 ] com.zaxxer.hikari.HikariDataSource       : HikariPool-1 - Shutdown completed.
